[17-02-2025 13:45:34.900 INFO com.nopcommerce.users.Level_14_Log4J] - User_01_Register - STEP 01: Open Register Page
[17-02-2025 13:45:35.666 INFO com.nopcommerce.users.Level_14_Log4J] - User_01_Register - STEP 02: Click to Male radio button
[17-02-2025 13:45:35.909 INFO com.nopcommerce.users.Level_14_Log4J] - User_01_Register - STEP 03: Enter To FirstName textbox with valueSen
[17-02-2025 13:45:35.989 INFO com.nopcommerce.users.Level_14_Log4J] - User_01_Register - STEP 04: Enter To Lastname textbox with valuePham
[17-02-2025 13:45:36.036 INFO com.nopcommerce.users.Level_14_Log4J] - User_01_Register - STEP 05: Enter To Email Address textbox with valuesen9281@gmail.com
[17-02-2025 13:45:36.081 INFO com.nopcommerce.users.Level_14_Log4J] - User_01_Register - STEP 06: Enter To Company textbox with valueKloon
[17-02-2025 13:45:36.116 INFO com.nopcommerce.users.Level_14_Log4J] - User_01_Register - STEP 07: Enter To password with value123456
[17-02-2025 13:45:36.183 INFO com.nopcommerce.users.Level_14_Log4J] - User_01_Register - STEP 08: Enter To Confirm password with value123456
[17-02-2025 13:45:36.252 INFO com.nopcommerce.users.Level_14_Log4J] - User_01_Register - STEP 09: Click button Login
[17-02-2025 13:45:36.633 INFO com.nopcommerce.users.Level_14_Log4J] - User_01_Register - STEP 10: Verify msg: Your registration completed
[17-02-2025 13:46:13.099 INFO com.nopcommerce.users.Level_14_Log4J] - User_01_Register - STEP 01: Open Register Page
[17-02-2025 13:46:13.318 INFO com.nopcommerce.users.Level_14_Log4J] - User_01_Register - STEP 02: Click to Male radio button
[17-02-2025 13:46:13.449 INFO com.nopcommerce.users.Level_14_Log4J] - User_01_Register - STEP 03: Enter To FirstName textbox with valueSen
[17-02-2025 13:46:13.566 INFO com.nopcommerce.users.Level_14_Log4J] - User_01_Register - STEP 04: Enter To Lastname textbox with valuePham
[17-02-2025 13:46:13.651 INFO com.nopcommerce.users.Level_14_Log4J] - User_01_Register - STEP 05: Enter To Email Address textbox with valuesen5023@gmail.com
[17-02-2025 13:46:13.736 INFO com.nopcommerce.users.Level_14_Log4J] - User_01_Register - STEP 06: Enter To Company textbox with valueKloon
[17-02-2025 13:46:13.821 INFO com.nopcommerce.users.Level_14_Log4J] - User_01_Register - STEP 07: Enter To password with value123456
[17-02-2025 13:46:13.930 INFO com.nopcommerce.users.Level_14_Log4J] - User_01_Register - STEP 08: Enter To Confirm password with value123456
[17-02-2025 13:46:14.018 INFO com.nopcommerce.users.Level_14_Log4J] - User_01_Register - STEP 09: Click button Login
[17-02-2025 13:46:14.281 INFO com.nopcommerce.users.Level_14_Log4J] - User_01_Register - STEP 10: Verify msg: Your registration completed
